This file contains any messages produced by compilers while
running configure, to aid debugging if configure makes a mistake.

It was created by Asteroid Rodeo Wrangler Extreme configure 0.01, which was
generated by GNU Autoconf 2.65.  Invocation command line was

  $ ./configure 

## --------- ##
## Platform. ##
## --------- ##

hostname = FoxholeMKII
uname -m = x86_64
uname -r = 2.6.32-41-generic
uname -s = Linux
uname -v = #88-Ubuntu SMP Thu Mar 29 13:10:32 UTC 2012

/usr/bin/uname -p = unknown
/bin/uname -X     = unknown

/bin/arch              = unknown
/usr/bin/arch -k       = unknown
/usr/convex/getsysinfo = unknown
/usr/bin/hostinfo      = unknown
/bin/machine           = unknown
/usr/bin/oslevel       = unknown
/bin/universe          = unknown

PATH: /usr/local/cuda/bin
PATH: /home/nathan/bin
PATH: /usr/local/sbin
PATH: /usr/local/bin
PATH: /usr/sbin
PATH: /usr/bin
PATH: /sbin
PATH: /bin
PATH: /usr/games


## ----------- ##
## Core tests. ##
## ----------- ##

configure:2018: checking for g++
configure:2034: found /usr/bin/g++
configure:2045: result: g++
configure:2072: checking for C++ compiler version
configure:2081: g++ --version >&5
g++ (Ubuntu 4.4.3-4ubuntu5.1) 4.4.3
Copyright (C) 2009 Free Software Foundation, Inc.
This is free software; see the source for copying conditions.  There is NO
warranty; not even for MERCHANTABILITY or FITNESS FOR A PARTICULAR PURPOSE.

configure:2092: $? = 0
configure:2081: g++ -v >&5
Using built-in specs.
Target: x86_64-linux-gnu
Configured with: ../src/configure -v --with-pkgversion='Ubuntu 4.4.3-4ubuntu5.1' --with-bugurl=file:///usr/share/doc/gcc-4.4/README.Bugs --enable-languages=c,c++,fortran,objc,obj-c++ --prefix=/usr --enable-shared --enable-multiarch --enable-linker-build-id --with-system-zlib --libexecdir=/usr/lib --without-included-gettext --enable-threads=posix --with-gxx-include-dir=/usr/include/c++/4.4 --program-suffix=-4.4 --enable-nls --enable-clocale=gnu --enable-libstdcxx-debug --enable-plugin --enable-objc-gc --disable-werror --with-arch-32=i486 --with-tune=generic --enable-checking=release --build=x86_64-linux-gnu --host=x86_64-linux-gnu --target=x86_64-linux-gnu
Thread model: posix
gcc version 4.4.3 (Ubuntu 4.4.3-4ubuntu5.1) 
configure:2092: $? = 0
configure:2081: g++ -V >&5
g++: '-V' option must have argument
configure:2092: $? = 1
configure:2081: g++ -qversion >&5
g++: unrecognized option '-qversion'
g++: no input files
configure:2092: $? = 1
configure:2112: checking whether the C++ compiler works
configure:2134: g++    conftest.cpp  >&5
configure:2138: $? = 0
configure:2187: result: yes
configure:2190: checking for C++ compiler default output file name
configure:2192: result: a.out
configure:2198: checking for suffix of executables
configure:2205: g++ -o conftest    conftest.cpp  >&5
configure:2209: $? = 0
configure:2231: result: 
configure:2253: checking whether we are cross compiling
configure:2261: g++ -o conftest    conftest.cpp  >&5
configure:2265: $? = 0
configure:2272: ./conftest
configure:2276: $? = 0
configure:2291: result: no
configure:2296: checking for suffix of object files
configure:2318: g++ -c   conftest.cpp >&5
configure:2322: $? = 0
configure:2343: result: o
configure:2347: checking whether we are using the GNU C++ compiler
configure:2366: g++ -c   conftest.cpp >&5
configure:2366: $? = 0
configure:2375: result: yes
configure:2384: checking whether g++ accepts -g
configure:2404: g++ -c -g  conftest.cpp >&5
configure:2404: $? = 0
configure:2445: result: yes
configure:2516: checking for gcc
configure:2532: found /usr/bin/gcc
configure:2543: result: gcc
configure:2772: checking for C compiler version
configure:2781: gcc --version >&5
gcc (Ubuntu 4.4.3-4ubuntu5.1) 4.4.3
Copyright (C) 2009 Free Software Foundation, Inc.
This is free software; see the source for copying conditions.  There is NO
warranty; not even for MERCHANTABILITY or FITNESS FOR A PARTICULAR PURPOSE.

configure:2792: $? = 0
configure:2781: gcc -v >&5
Using built-in specs.
Target: x86_64-linux-gnu
Configured with: ../src/configure -v --with-pkgversion='Ubuntu 4.4.3-4ubuntu5.1' --with-bugurl=file:///usr/share/doc/gcc-4.4/README.Bugs --enable-languages=c,c++,fortran,objc,obj-c++ --prefix=/usr --enable-shared --enable-multiarch --enable-linker-build-id --with-system-zlib --libexecdir=/usr/lib --without-included-gettext --enable-threads=posix --with-gxx-include-dir=/usr/include/c++/4.4 --program-suffix=-4.4 --enable-nls --enable-clocale=gnu --enable-libstdcxx-debug --enable-plugin --enable-objc-gc --disable-werror --with-arch-32=i486 --with-tune=generic --enable-checking=release --build=x86_64-linux-gnu --host=x86_64-linux-gnu --target=x86_64-linux-gnu
Thread model: posix
gcc version 4.4.3 (Ubuntu 4.4.3-4ubuntu5.1) 
configure:2792: $? = 0
configure:2781: gcc -V >&5
gcc: '-V' option must have argument
configure:2792: $? = 1
configure:2781: gcc -qversion >&5
gcc: unrecognized option '-qversion'
gcc: no input files
configure:2792: $? = 1
configure:2796: checking whether we are using the GNU C compiler
configure:2815: gcc -c   conftest.c >&5
configure:2815: $? = 0
configure:2824: result: yes
configure:2833: checking whether gcc accepts -g
configure:2853: gcc -c -g  conftest.c >&5
configure:2853: $? = 0
configure:2894: result: yes
configure:2911: checking for gcc option to accept ISO C89
configure:2975: gcc  -c -g -O2  conftest.c >&5
configure:2975: $? = 0
configure:2988: result: none needed
configure:3020: checking how to run the C preprocessor
configure:3051: gcc -E  conftest.c
configure:3051: $? = 0
configure:3065: gcc -E  conftest.c
conftest.c:9:28: error: ac_nonexistent.h: No such file or directory
configure:3065: $? = 1
configure: failed program was:
| /* confdefs.h */
| #define PACKAGE_NAME "Asteroid Rodeo Wrangler Extreme"
| #define PACKAGE_TARNAME "asteroid-rodeo-wrangler-extreme"
| #define PACKAGE_VERSION "0.01"
| #define PACKAGE_STRING "Asteroid Rodeo Wrangler Extreme 0.01"
| #define PACKAGE_BUGREPORT "nakranoth@sourceforge.net"
| #define PACKAGE_URL ""
| /* end confdefs.h.  */
| #include <ac_nonexistent.h>
configure:3090: result: gcc -E
configure:3110: gcc -E  conftest.c
configure:3110: $? = 0
configure:3124: gcc -E  conftest.c
conftest.c:9:28: error: ac_nonexistent.h: No such file or directory
configure:3124: $? = 1
configure: failed program was:
| /* confdefs.h */
| #define PACKAGE_NAME "Asteroid Rodeo Wrangler Extreme"
| #define PACKAGE_TARNAME "asteroid-rodeo-wrangler-extreme"
| #define PACKAGE_VERSION "0.01"
| #define PACKAGE_STRING "Asteroid Rodeo Wrangler Extreme 0.01"
| #define PACKAGE_BUGREPORT "nakranoth@sourceforge.net"
| #define PACKAGE_URL ""
| /* end confdefs.h.  */
| #include <ac_nonexistent.h>
configure:3153: checking for grep that handles long lines and -e
configure:3211: result: /bin/grep
configure:3216: checking for egrep
configure:3278: result: /bin/grep -E
configure:3283: checking for ANSI C header files
configure:3303: gcc -c -g -O2  conftest.c >&5
configure:3303: $? = 0
configure:3376: gcc -o conftest -g -O2   conftest.c  >&5
configure:3376: $? = 0
configure:3376: ./conftest
configure:3376: $? = 0
configure:3387: result: yes
configure:3400: checking for sys/types.h
configure:3400: gcc -c -g -O2  conftest.c >&5
configure:3400: $? = 0
configure:3400: result: yes
configure:3400: checking for sys/stat.h
configure:3400: gcc -c -g -O2  conftest.c >&5
configure:3400: $? = 0
configure:3400: result: yes
configure:3400: checking for stdlib.h
configure:3400: gcc -c -g -O2  conftest.c >&5
configure:3400: $? = 0
configure:3400: result: yes
configure:3400: checking for string.h
configure:3400: gcc -c -g -O2  conftest.c >&5
configure:3400: $? = 0
configure:3400: result: yes
configure:3400: checking for memory.h
configure:3400: gcc -c -g -O2  conftest.c >&5
configure:3400: $? = 0
configure:3400: result: yes
configure:3400: checking for strings.h
configure:3400: gcc -c -g -O2  conftest.c >&5
configure:3400: $? = 0
configure:3400: result: yes
configure:3400: checking for inttypes.h
configure:3400: gcc -c -g -O2  conftest.c >&5
configure:3400: $? = 0
configure:3400: result: yes
configure:3400: checking for stdint.h
configure:3400: gcc -c -g -O2  conftest.c >&5
configure:3400: $? = 0
configure:3400: result: yes
configure:3400: checking for unistd.h
configure:3400: gcc -c -g -O2  conftest.c >&5
configure:3400: $? = 0
configure:3400: result: yes
configure:3413: checking for stdbool.h that conforms to C99
configure:3498: gcc -c -g -O2  conftest.c >&5
configure:3498: $? = 0
configure:3505: result: yes
configure:3507: checking for _Bool
configure:3507: gcc -c -g -O2  conftest.c >&5
configure:3507: $? = 0
configure:3507: gcc -c -g -O2  conftest.c >&5
conftest.c: In function 'main':
conftest.c:55: error: expected expression before ')' token
configure:3507: $? = 1
configure: failed program was:
| /* confdefs.h */
| #define PACKAGE_NAME "Asteroid Rodeo Wrangler Extreme"
| #define PACKAGE_TARNAME "asteroid-rodeo-wrangler-extreme"
| #define PACKAGE_VERSION "0.01"
| #define PACKAGE_STRING "Asteroid Rodeo Wrangler Extreme 0.01"
| #define PACKAGE_BUGREPORT "nakranoth@sourceforge.net"
| #define PACKAGE_URL ""
| #define STDC_HEADERS 1
| #define HAVE_SYS_TYPES_H 1
| #define HAVE_SYS_STAT_H 1
| #define HAVE_STDLIB_H 1
| #define HAVE_STRING_H 1
| #define HAVE_MEMORY_H 1
| #define HAVE_STRINGS_H 1
| #define HAVE_INTTYPES_H 1
| #define HAVE_STDINT_H 1
| #define HAVE_UNISTD_H 1
| /* end confdefs.h.  */
| #include <stdio.h>
| #ifdef HAVE_SYS_TYPES_H
| # include <sys/types.h>
| #endif
| #ifdef HAVE_SYS_STAT_H
| # include <sys/stat.h>
| #endif
| #ifdef STDC_HEADERS
| # include <stdlib.h>
| # include <stddef.h>
| #else
| # ifdef HAVE_STDLIB_H
| #  include <stdlib.h>
| # endif
| #endif
| #ifdef HAVE_STRING_H
| # if !defined STDC_HEADERS && defined HAVE_MEMORY_H
| #  include <memory.h>
| # endif
| # include <string.h>
| #endif
| #ifdef HAVE_STRINGS_H
| # include <strings.h>
| #endif
| #ifdef HAVE_INTTYPES_H
| # include <inttypes.h>
| #endif
| #ifdef HAVE_STDINT_H
| # include <stdint.h>
| #endif
| #ifdef HAVE_UNISTD_H
| # include <unistd.h>
| #endif
| int
| main ()
| {
| if (sizeof ((_Bool)))
| 	    return 0;
|   ;
|   return 0;
| }
configure:3507: result: yes
configure:3628: creating ./config.status

## ---------------------- ##
## Running config.status. ##
## ---------------------- ##

This file was extended by Asteroid Rodeo Wrangler Extreme config.status 0.01, which was
generated by GNU Autoconf 2.65.  Invocation command line was

  CONFIG_FILES    = 
  CONFIG_HEADERS  = 
  CONFIG_LINKS    = 
  CONFIG_COMMANDS = 
  $ ./config.status 

on FoxholeMKII

config.status:666: error: cannot find input file: `config.h.in'

## ---------------- ##
## Cache variables. ##
## ---------------- ##

ac_cv_c_compiler_gnu=yes
ac_cv_cxx_compiler_gnu=yes
ac_cv_env_CCC_set=
ac_cv_env_CCC_value=
ac_cv_env_CC_set=
ac_cv_env_CC_value=
ac_cv_env_CFLAGS_set=
ac_cv_env_CFLAGS_value=
ac_cv_env_CPPFLAGS_set=
ac_cv_env_CPPFLAGS_value=
ac_cv_env_CPP_set=
ac_cv_env_CPP_value=
ac_cv_env_CXXFLAGS_set=
ac_cv_env_CXXFLAGS_value=
ac_cv_env_CXX_set=
ac_cv_env_CXX_value=
ac_cv_env_LDFLAGS_set=
ac_cv_env_LDFLAGS_value=
ac_cv_env_LIBS_set=
ac_cv_env_LIBS_value=
ac_cv_env_build_alias_set=
ac_cv_env_build_alias_value=
ac_cv_env_host_alias_set=
ac_cv_env_host_alias_value=
ac_cv_env_target_alias_set=
ac_cv_env_target_alias_value=
ac_cv_header_inttypes_h=yes
ac_cv_header_memory_h=yes
ac_cv_header_stdbool_h=yes
ac_cv_header_stdc=yes
ac_cv_header_stdint_h=yes
ac_cv_header_stdlib_h=yes
ac_cv_header_string_h=yes
ac_cv_header_strings_h=yes
ac_cv_header_sys_stat_h=yes
ac_cv_header_sys_types_h=yes
ac_cv_header_unistd_h=yes
ac_cv_objext=o
ac_cv_path_EGREP='/bin/grep -E'
ac_cv_path_GREP=/bin/grep
ac_cv_prog_CPP='gcc -E'
ac_cv_prog_ac_ct_CC=gcc
ac_cv_prog_ac_ct_CXX=g++
ac_cv_prog_cc_c89=
ac_cv_prog_cc_g=yes
ac_cv_prog_cxx_g=yes
ac_cv_type__Bool=yes

## ----------------- ##
## Output variables. ##
## ----------------- ##

CC='gcc'
CFLAGS='-g -O2'
CPP='gcc -E'
CPPFLAGS=''
CXX='g++'
CXXFLAGS='-g -O2'
DEFS='-DHAVE_CONFIG_H'
ECHO_C=''
ECHO_N='-n'
ECHO_T=''
EGREP='/bin/grep -E'
EXEEXT=''
GREP='/bin/grep'
LDFLAGS=''
LIBOBJS=''
LIBS=''
LTLIBOBJS=''
OBJEXT='o'
PACKAGE_BUGREPORT='nakranoth@sourceforge.net'
PACKAGE_NAME='Asteroid Rodeo Wrangler Extreme'
PACKAGE_STRING='Asteroid Rodeo Wrangler Extreme 0.01'
PACKAGE_TARNAME='asteroid-rodeo-wrangler-extreme'
PACKAGE_URL=''
PACKAGE_VERSION='0.01'
PATH_SEPARATOR=':'
SHELL='/bin/bash'
ac_ct_CC='gcc'
ac_ct_CXX='g++'
bindir='${exec_prefix}/bin'
build_alias=''
datadir='${datarootdir}'
datarootdir='${prefix}/share'
docdir='${datarootdir}/doc/${PACKAGE_TARNAME}'
dvidir='${docdir}'
exec_prefix='${prefix}'
host_alias=''
htmldir='${docdir}'
includedir='${prefix}/include'
infodir='${datarootdir}/info'
libdir='${exec_prefix}/lib'
libexecdir='${exec_prefix}/libexec'
localedir='${datarootdir}/locale'
localstatedir='${prefix}/var'
mandir='${datarootdir}/man'
oldincludedir='/usr/include'
pdfdir='${docdir}'
prefix='/usr/local'
program_transform_name='s,x,x,'
psdir='${docdir}'
sbindir='${exec_prefix}/sbin'
sharedstatedir='${prefix}/com'
sysconfdir='${prefix}/etc'
target_alias=''

## ----------- ##
## confdefs.h. ##
## ----------- ##

/* confdefs.h */
#define PACKAGE_NAME "Asteroid Rodeo Wrangler Extreme"
#define PACKAGE_TARNAME "asteroid-rodeo-wrangler-extreme"
#define PACKAGE_VERSION "0.01"
#define PACKAGE_STRING "Asteroid Rodeo Wrangler Extreme 0.01"
#define PACKAGE_BUGREPORT "nakranoth@sourceforge.net"
#define PACKAGE_URL ""
#define STDC_HEADERS 1
#define HAVE_SYS_TYPES_H 1
#define HAVE_SYS_STAT_H 1
#define HAVE_STDLIB_H 1
#define HAVE_STRING_H 1
#define HAVE_MEMORY_H 1
#define HAVE_STRINGS_H 1
#define HAVE_INTTYPES_H 1
#define HAVE_STDINT_H 1
#define HAVE_UNISTD_H 1
#define HAVE__BOOL 1
#define HAVE_STDBOOL_H 1

configure: exit 1
